#######################################################################################
# log primitive debug message of FSDB dumping                                         #
# This is for R&D to analyze when there are issues happening when FSDB dump           #
#######################################################################################
ANF: vcsd_get_serial_mode_status('simv: undefined symbol: vcsd_get_serial_mode_status')
ANF: vcsd_enable_sva_success_callback('simv: undefined symbol: vcsd_enable_sva_success_callback')
ANF: vcsd_disable_sva_success_callback('simv: undefined symbol: vcsd_disable_sva_success_callback')
ANF: vcsd_get_power_scope_name('simv: undefined symbol: vcsd_get_power_scope_name')
ANF: vcsd_begin_no_value_var_info('simv: undefined symbol: vcsd_begin_no_value_var_info')
ANF: vcsd_end_no_value_var_info('simv: undefined symbol: vcsd_end_no_value_var_info')
ANF: vcsd_remove_xprop_merge_mode_callback('simv: undefined symbol: vcsd_remove_xprop_merge_mode_callback')
ANF: vhpi_get_cb_info('simv: undefined symbol: vhpi_get_cb_info')
ANF: vhpi_free_handle('simv: undefined symbol: vhpi_free_handle')
ANF: vhpi_fetch_vcsd_handle('simv: undefined symbol: vhpi_fetch_vcsd_handle')
ANF: vhpi_fetch_vpi_handle('simv: undefined symbol: vhpi_fetch_vpi_handle')
ANF: vhpi_has_verilog_parent('simv: undefined symbol: vhpi_has_verilog_parent')
ANF: vhpi_is_verilog_scope('simv: undefined symbol: vhpi_is_verilog_scope')
ANF: scsd_xprop_is_enabled('simv: undefined symbol: scsd_xprop_is_enabled')
ANF: scsd_xprop_sig_is_promoted('simv: undefined symbol: scsd_xprop_sig_is_promoted')
ANF: scsd_xprop_int_xvalue('simv: undefined symbol: scsd_xprop_int_xvalue')
ANF: scsd_xprop_bool_xvalue('simv: undefined symbol: scsd_xprop_bool_xvalue')
ANF: scsd_xprop_enum_xvalue('simv: undefined symbol: scsd_xprop_enum_xvalue')
ANF: scsd_xprop_register_merge_mode_cb('simv: undefined symbol: scsd_xprop_register_merge_mode_cb')
ANF: scsd_xprop_delete_merge_mode_cb('simv: undefined symbol: scsd_xprop_delete_merge_mode_cb')
ANF: scsd_xprop_get_merge_mode('simv: undefined symbol: scsd_xprop_get_merge_mode')
ANF: scsd_thread_get_info('simv: undefined symbol: scsd_thread_get_info')
ANF: scsd_thread_vc_init('simv: undefined symbol: scsd_thread_vc_init')
ANF: scsd_master_set_delta_sync_cbk('simv: undefined symbol: scsd_master_set_delta_sync_cbk')
ANF: scsd_fgp_get_fsdb_cores('simv: undefined symbol: scsd_fgp_get_fsdb_cores')
ANF: scsd_fgp_get_is_cpu_affinity_disabled('simv: undefined symbol: scsd_fgp_get_is_cpu_affinity_disabled')
ANF: vhdi_dt_get_type('simv: undefined symbol: vhdi_dt_get_type')
ANF: vhdi_dt_get_key('simv: undefined symbol: vhdi_dt_get_key')
ANF: vhdi_dt_get_vhdl_enum_info('simv: undefined symbol: vhdi_dt_get_vhdl_enum_info')
ANF: vhdi_dt_get_vhdl_physical_info('simv: undefined symbol: vhdi_dt_get_vhdl_physical_info')
ANF: vhdi_dt_get_vhdl_array_info('simv: undefined symbol: vhdi_dt_get_vhdl_array_info')
ANF: vhdi_dt_get_vhdl_record_info('simv: undefined symbol: vhdi_dt_get_vhdl_record_info')
ANF: vhdi_dt_get_vhdl_integer_range_info('simv: undefined symbol: vhdi_dt_get_vhdl_integer_range_info')
ANF: vhdi_def_traverse_module('simv: undefined symbol: vhdi_def_traverse_module')
ANF: vhdi_def_traverse_scope('simv: undefined symbol: vhdi_def_traverse_scope')
ANF: vhdi_def_traverse_variable('simv: undefined symbol: vhdi_def_traverse_variable')
ANF: vhdi_def_get_module_id_by_vhpi('simv: undefined symbol: vhdi_def_get_module_id_by_vhpi')
ANF: vhdi_def_get_handle_by_module_id('simv: undefined symbol: vhdi_def_get_handle_by_module_id')
ANF: vhdi_def_get_variable_info_by_vhpi('simv: undefined symbol: vhdi_def_get_variable_info_by_vhpi')
ANF: vhdi_def_free('simv: undefined symbol: vhdi_def_free')
ANF: vhdi_ist_traverse_scope('simv: undefined symbol: vhdi_ist_traverse_scope')
ANF: vhdi_ist_traverse_variable('simv: undefined symbol: vhdi_ist_traverse_variable')
ANF: vhdi_ist_convert_by_vhpi('simv: undefined symbol: vhdi_ist_convert_by_vhpi')
ANF: vhdi_ist_clone('simv: undefined symbol: vhdi_ist_clone')
ANF: vhdi_ist_free('simv: undefined symbol: vhdi_ist_free')
ANF: vhdi_ist_hash_key('simv: undefined symbol: vhdi_ist_hash_key')
ANF: vhdi_ist_compare('simv: undefined symbol: vhdi_ist_compare')
ANF: vhdi_ist_get_value_addr('simv: undefined symbol: vhdi_ist_get_value_addr')
ANF: vhdi_set_scsd_callback('simv: undefined symbol: vhdi_set_scsd_callback')
ANF: vhdi_cbk_set_force_callback('simv: undefined symbol: vhdi_cbk_set_force_callback')
ANF: vhdi_trigger_init_force('simv: undefined symbol: vhdi_trigger_init_force')
ANF: vhdi_ist_check_scsd_callback('simv: undefined symbol: vhdi_ist_check_scsd_callback')
ANF: vhdi_ist_add_scsd_callback('simv: undefined symbol: vhdi_ist_add_scsd_callback')
ANF: vhdi_ist_remove_scsd_callback('simv: undefined symbol: vhdi_ist_remove_scsd_callback')
ANF: vhdi_ist_get_scsd_user_data('simv: undefined symbol: vhdi_ist_get_scsd_user_data')
ANF: vhdi_add_time_change_callback('simv: undefined symbol: vhdi_add_time_change_callback')
ANF: vhdi_get_real_value_by_value_addr('simv: undefined symbol: vhdi_get_real_value_by_value_addr')
ANF: vhdi_get_64_value_by_value_addr('simv: undefined symbol: vhdi_get_64_value_by_value_addr')
ANF: vhdi_xprop_inst_is_promoted('simv: undefined symbol: vhdi_xprop_inst_is_promoted')
ANF: vdi_ist_convert_by_vhdi('simv: undefined symbol: vdi_ist_convert_by_vhdi')
ANF: vhdi_ist_get_module_id('simv: undefined symbol: vhdi_ist_get_module_id')
ANF: vhdi_refine_foreign_scope_type('simv: undefined symbol: vhdi_refine_foreign_scope_type')
ANF: vhdi_flush_callback('simv: undefined symbol: vhdi_flush_callback')
ANF: vhdi_set_orig_name('simv: undefined symbol: vhdi_set_orig_name')
ANF: vhdi_set_dump_pt('simv: undefined symbol: vhdi_set_dump_pt')
ANF: vhdi_set_int_subtype('simv: undefined symbol: vhdi_set_int_subtype')
ANF: vhdi_get_fsdb_option('simv: undefined symbol: vhdi_get_fsdb_option')
ANF: vhdi_fgp_get_mode('simv: undefined symbol: vhdi_fgp_get_mode')
ANF: vhdi_node_register_composite_var('simv: undefined symbol: vhdi_node_register_composite_var')
ANF: vhdi_node_analysis('simv: undefined symbol: vhdi_node_analysis')
ANF: vhdi_node_id('simv: undefined symbol: vhdi_node_id')
ANF: vhdi_node_ist_check_scsd_callback('simv: undefined symbol: vhdi_node_ist_check_scsd_callback')
ANF: vhdi_node_ist_add_scsd_callback('simv: undefined symbol: vhdi_node_ist_add_scsd_callback')
ANF: vhdi_node_ist_get_value_addr('simv: undefined symbol: vhdi_node_ist_get_value_addr')
ANF: vhdi_enc_def_traverse_module('simv: undefined symbol: vhdi_enc_def_traverse_module')
ANF: vhdi_enc_def_traverse_scope('simv: undefined symbol: vhdi_enc_def_traverse_scope')
ANF: vhdi_enc_def_traverse_variable('simv: undefined symbol: vhdi_enc_def_traverse_variable')
ANF: vhdi_enc_ist_traverse_scope('simv: undefined symbol: vhdi_enc_ist_traverse_scope')
ANF: vhdi_enc_ist_traverse_variable('simv: undefined symbol: vhdi_enc_ist_traverse_variable')
ANF: vhdi_enc_ist_get_module_id('simv: undefined symbol: vhdi_enc_ist_get_module_id')
ANF: vhdi_enc_def_get_handle_by_module_id('simv: undefined symbol: vhdi_enc_def_get_handle_by_module_id')
VCS compile option:
 option[0]: simv
 option[1]: +v2k
 option[2]: +define+FSDB
 option[3]: +PROG=prog0
 option[4]: +FILE=all
 option[5]: /home/summer/Synopsys/vcs/T-2022.06-SP2/linux64/bin/vcs1
 option[6]: -Mcc=gcc
 option[7]: -Mcplusplus=g++
 option[8]: -Masflags=
 option[9]: -Mcfl= -pipe -fPIC -O -I/home/summer/Synopsys/vcs/T-2022.06-SP2/include 
 option[10]: -Mxllcflags=
 option[11]: -Mxcflags= -pipe -fPIC -I/home/summer/Synopsys/vcs/T-2022.06-SP2/include
 option[12]: -Mldflags= -rdynamic 
 option[13]: -Mout=simv
 option[14]: -Mamsrun=
 option[15]: -Mvcsaceobjs=
 option[16]: -Mobjects= /home/summer/Synopsys/vcs/T-2022.06-SP2/linux64/lib/libvirsim.so /home/summer/Synopsys/vcs/T-2022.06-SP2/linux64/lib/liberrorinf.so /home/summer/Synopsys/vcs/T-2022.06-SP2/linux64/lib/libsnpsmalloc.so /home/summer/Synopsys/vcs/T-2022.06-SP2/linux64/lib/libvfs.so 
 option[17]: -Mexternalobj=
 option[18]: -Msaverestoreobj=/home/summer/Synopsys/vcs/T-2022.06-SP2/linux64/lib/vcs_save_restore_new.o
 option[19]: -Mcrt0=
 option[20]: -Mcrtn=
 option[21]: -Mcsrc=
 option[22]: -Msyslibs=/home/summer/Synopsys/verdi/T-2022.06-SP2/share/PLI/VCS/LINUX64/pli.a -ldl 
 option[23]: -Xvcs_run_simv=1
 option[24]: -full64
 option[25]: -full64
 option[26]: -debug_access+all
 option[27]: +vpi
 option[28]: +vcsd1
 option[29]: +itf+/home/summer/Synopsys/vcs/T-2022.06-SP2/linux64/lib/vcsdp_lite.tab
 option[30]: +v2k
 option[31]: +define+FSDB
 option[32]: +PROG=prog0
 option[33]: +FILE=all
 option[34]: -Xnotice=1
 option[35]: -picarchive
 option[36]: -P
 option[37]: /home/summer/Synopsys/verdi/T-2022.06-SP2/share/PLI/VCS/LINUX64/verdi.tab
 option[38]: -fsdb
 option[39]: -sverilog
 option[40]: -gen_obj
 option[41]: top_tb.sv
 option[42]: -load
 option[43]: /home/summer/Synopsys/verdi/T-2022.06-SP2/share/PLI/VCS/LINUX64/libnovas.so:FSDBDumpCmd
Chronologic Simulation VCS Release T-2022.06-SP2_Full64
Linux 3.10.0-1160.el7.x86_64 #1 SMP Tue Aug 18 14:50:17 EDT 2020 x86_64
CPU cores: 8
Limit information:
======================================
cputime		unlimited
filesize		unlimited
datasize		unlimited
stacksize		8192 kbytes
coredumpsize		0 kbytes
memoryuse		unlimited
vmemoryuse		unlimited
descriptors		4096
memorylocked		64 kbytes
maxproc		4096
======================================
(Special)Runtime environment variables:

Runtime environment variables:
SNPS_VCS_INTERNAL_MAKE_OPT=
XDG_SESSION_ID=605
DS_HOME=/home/summer/ARM/ARMDS
HOSTNAME=yian
TERM_PROGRAM=vscode
UNAME=/bin/uname
SSL_CERT_FILE=/etc/pki/ca-trust/extracted/pem/tls-ca-bundle.pem
SELINUX_ROLE_REQUESTED=
SCRNAME=vcs
MGC_FDI_OA_VERSION=22.60
VCS_DEPTH=0
SHELL=/bin/bash
TERM=xterm-256color
CDS_2DFORM_FONT_SCALING=1
HISTSIZE=1000
SSH_CLIENT=192.168.0.99 11767 22
OS_LDFLAGS=
SPECTRE_HOME=/home/summer/Cadence/Spectre
LD_PRELOAD=/usr/lib64/libssl.so.1.0.2k:/usr/lib64/libcrypto.so.1.0.2k
SELINUX_USE_CURRENT_RANGE=
TERM_PROGRAM_VERSION=1.96.2
CDS_LOAD_ENV=CSF
QTDIR=/usr/lib64/qt-3.3
QTINC=/usr/lib64/qt-3.3/include
LC_ALL=C
SNPS_VCS_INTERNAL_ROOT_PID=63352
QT_GRAPHICSSYSTEM_CHECKED=1
USER=summer
LD_LIBRARY_PATH=/home/summer/Synopsys/vcs/T-2022.06-SP2/lib:/home/summer/Synopsys/vcs/T-2022.06-SP2/linux64/lib:/home/summer/Synopsys/verdi/T-2022.06-SP2/share/PLI/VCS/LINUX64
LS_COLORS=rs=0:di=38;5;27:ln=38;5;51:mh=44;38;5;15:pi=40;38;5;11:so=38;5;13:do=38;5;5:bd=48;5;232;38;5;11:cd=48;5;232;38;5;3:or=48;5;232;38;5;9:mi=05;48;5;232;38;5;15:su=48;5;196;38;5;15:sg=48;5;11;38;5;16:ca=48;5;196;38;5;226:tw=48;5;10;38;5;16:ow=48;5;10;38;5;21:st=48;5;21;38;5;15:ex=38;5;34:*.tar=38;5;9:*.tgz=38;5;9:*.arc=38;5;9:*.arj=38;5;9:*.taz=38;5;9:*.lha=38;5;9:*.lz4=38;5;9:*.lzh=38;5;9:*.lzma=38;5;9:*.tlz=38;5;9:*.txz=38;5;9:*.tzo=38;5;9:*.t7z=38;5;9:*.zip=38;5;9:*.z=38;5;9:*.Z=38;5;9:*.dz=38;5;9:*.gz=38;5;9:*.lrz=38;5;9:*.lz=38;5;9:*.lzo=38;5;9:*.xz=38;5;9:*.bz2=38;5;9:*.bz=38;5;9:*.tbz=38;5;9:*.tbz2=38;5;9:*.tz=38;5;9:*.deb=38;5;9:*.rpm=38;5;9:*.jar=38;5;9:*.war=38;5;9:*.ear=38;5;9:*.sar=38;5;9:*.rar=38;5;9:*.alz=38;5;9:*.ace=38;5;9:*.zoo=38;5;9:*.cpio=38;5;9:*.7z=38;5;9:*.rz=38;5;9:*.cab=38;5;9:*.jpg=38;5;13:*.jpeg=38;5;13:*.gif=38;5;13:*.bmp=38;5;13:*.pbm=38;5;13:*.pgm=38;5;13:*.ppm=38;5;13:*.tga=38;5;13:*.xbm=38;5;13:*.xpm=38;5;13:*.tif=38;5;13:*.tiff=38;5;13:*.png=38;5;13:*.svg=38;5;13:*.svgz=38;5;13:*.mng=38;5;13:*.pcx=38;5;13:*.mov=38;5;13:*.mpg=38;5;13:*.mpeg=38;5;13:*.m2v=38;5;13:*.mkv=38;5;13:*.webm=38;5;13:*.ogm=38;5;13:*.mp4=38;5;13:*.m4v=38;5;13:*.mp4v=38;5;13:*.vob=38;5;13:*.qt=38;5;13:*.nuv=38;5;13:*.wmv=38;5;13:*.asf=38;5;13:*.rm=38;5;13:*.rmvb=38;5;13:*.flc=38;5;13:*.avi=38;5;13:*.fli=38;5;13:*.flv=38;5;13:*.gl=38;5;13:*.dl=38;5;13:*.xcf=38;5;13:*.xwd=38;5;13:*.yuv=38;5;13:*.cgm=38;5;13:*.emf=38;5;13:*.axv=38;5;13:*.anx=38;5;13:*.ogv=38;5;13:*.ogx=38;5;13:*.aac=38;5;45:*.au=38;5;45:*.flac=38;5;45:*.mid=38;5;45:*.midi=38;5;45:*.mka=38;5;45:*.mp3=38;5;45:*.mpc=38;5;45:*.ogg=38;5;45:*.ra=38;5;45:*.wav=38;5;45:*.axa=38;5;45:*.oga=38;5;45:*.spx=38;5;45:*.xspf=38;5;45:
SCRIPT_NAME=vcs
INDAGO_ROOT=/home/summer/Cadence/INDAGOA722.03
VCS_MX_HOME_INTERNAL=1
SNPS_VCS_CLANG_PATH=/home/summer/Synopsys/vcs/T-2022.06-SP2/linux64/clang
SNPSLMD_LICENSE_FILE=27000@yian
VCS_USER_OPTIONS=-full64 top_tb.sv -sverilog -full64 -R -debug_access+all +v2k +define+FSDB +PROG=prog0 +FILE=all -notice
OVA_UUM=0
ARMLMD_LICENSE_FILE=/home/summer/ARM/lic/armlmd.lic
VCS_MODE_FLAG=64
Virtuoso_HOME=/home/summer/Cadence/IC618
VC_STATIC_HOME=/home/summer/Synopsys/vc_static/T-2022.06-SP2
MAIL=/var/spool/mail/summer
PATH=.:/home/summer/Synopsys/vc_static/T-2022.06-SP2/bin:/home/summer/Cadence/IC618/tools/plot/bin:/home/summer/Cadence/IC618/tools/iccraft/bin:/home/summer/Cadence/IC618/tools/dracula/bin:/home/summer/Cadence/IC618/tools/dfII/bin:/home/summer/Cadence/IC618/tools/bin:/home/summer/Cadence/IC618/share/bin:/home/summer/Cadence/IC618/bin:/home/summer/Synopsys/vc_static/T-2022.06-SP2/bin:/home/summer/Cadence/IC618/tools/plot/bin:/home/summer/Cadence/IC618/tools/iccraft/bin:/home/summer/Cadence/IC618/tools/dracula/bin:/home/summer/Cadence/IC618/tools/dfII/bin:/home/summer/Cadence/IC618/tools/bin:/home/summer/Cadence/IC618/share/bin:/bin:/usr/lib64/qt-3.3/bin:/usr/local/bin:/usr/local/sbin:/usr/bin:/usr/sbin:/bin:/sbin:/home/summer/Cadence/Spectre/tools/dfII/bin:/home/summer/Cadence/Spectre/tools/bin:/home/summer/Cadence/Spectre/bin:/home/summer/Cadence/INDAGOA722.03/tools.lnx86/bin:/home/summer/Cadence/INDAGOA722.03/tools/bin:/home/summer/Cadence/XCELIUMMAIN22.09/tools/bin:/home/summer/Cadence/XCELIUMMAIN22.09/bin:/home/summer/Cadence/XCELIUMMAIN22.09/tools.lnx86/bin:/home/summer/Cadence/XCELIUMMAIN22.09/tools.lnx86/dfII/bin:/home/summer/Cadence/GENUS21/tools.lnx86/bin:/home/summer/Cadence/VAPPS22.09/bin:/home/summer/Cadence/VDEBUG22/tools.lnx86/bin:/home/summer/Cadence/JASPER2022/bin:/home/summer/Cadence/Spectre/bin:/home/summer/Cadence/CONFRML22.20/bin:/home/summer/Mentor/calibre2022.2/aoj_cal_2022.2_38.20/bin:/home/summer/Mentor/questa_sim-2022.4_2/questasim/bin:/home/summer/Synopsys/syn/U-2022.12-SP1/bin:/home/summer/Synopsys/ufe_optional_spyglass-vcs/T-2022.06-SP2/SPYGLASS_HOME/bin:/home/summer/Synopsys/verdi/T-2022.06-SP2/bin:/home/summer/Synopsys/vcs/T-2022.06-SP2/bin:/home/summer/Synopsys/eclipse:/home/summer/Synopsys/scl/2023.03/linux64/bin:/home/summer/ARM/ARMDS/bin:/home/summer/ARM/Socrates:/home/summer/.local/bin:/home/summer/bin:/home/summer/Cadence/Spectre/tools/dfII/bin:/home/summer/Cadence/Spectre/tools/bin:/home/summer/Cadence/Spectre/bin:/home/summer/Cadence/INDAGOA722.03/tools.lnx86/bin:/home/summer/Cadence/INDAGOA722.03/tools/bin:/home/summer/Cadence/XCELIUMMAIN22.09/tools/bin:/home/summer/Cadence/XCELIUMMAIN22.09/bin:/home/summer/Cadence/XCELIUMMAIN22.09/tools.lnx86/bin:/home/summer/Cadence/XCELIUMMAIN22.09/tools.lnx86/dfII/bin:/home/summer/Cadence/GENUS21/tools.lnx86/bin:/home/summer/Cadence/VAPPS22.09/bin:/home/summer/Cadence/VDEBUG22/tools.lnx86/bin:/home/summer/Cadence/JASPER2022/bin:/home/summer/Cadence/Spectre/bin:/home/summer/Cadence/CONFRML22.20/bin:/home/summer/Mentor/calibre2022.2/aoj_cal_2022.2_38.20/bin:/home/summer/Mentor/questa_sim-2022.4_2/questasim/bin:/home/summer/Synopsys/syn/U-2022.12-SP1/bin:/home/summer/Synopsys/ufe_optional_spyglass-vcs/T-2022.06-SP2/SPYGLASS_HOME/bin:/home/summer/Synopsys/verdi/T-2022.06-SP2/bin:/home/summer/Synopsys/vcs/T-2022.06-SP2/bin:/home/summer/Synopsys/eclipse:/home/summer/Synopsys/scl/2023.03/linux64/bin:/home/summer/ARM/ARMDS/bin:/home/summer/ARM/Socrates:/home/summer/RISCV/bin:/home/summer/RISCV32/bin
SNPS_VCS_INTERNAL_CURR_PID=63352
VERDI_HOME=/home/summer/Synopsys/verdi/T-2022.06-SP2
CALIBRE_HOME=/home/summer/Mentor/calibre2022.2/aoj_cal_2022.2_38.20
Cadence_Dir=/home/summer/Cadence
PWD=/home/summer/Desktop/piyan-cpu/SystemVerilog
VCS_HOME=/home/summer/Synopsys/vcs/T-2022.06-SP2
SNPS_VCS_INTERNAL_MEMPRELOAD_USE_LIBC=1
SNPS_INTERNAL_VCS_LINUX_OS=linux
LANG=en_US.UTF-8
VRST_HOME=/home/summer/Cadence/XCELIUMMAIN22.09
VCS_ARCH_OVERRIDE=linux
OA_HOME=/home/summer/Cadence/IC618/oa_v22.60.088
LD_LIBRARY_PATH0=:/home/summer/Cadence/IC618/tools.lnx86/lib:/home/summer/Cadence/IC618/tools.lnx86/lib:/home/summer/Cadence/IC618/tools.lnx86/lib
LD_LIBRARY_PATH1=:/home/summer/Cadence/XCELIUMMAIN22.09/tools.lnx86/lib:/home/summer/Cadence/XCELIUMMAIN22.09/tools.lnx86/lib:/home/summer/Cadence/XCELIUMMAIN22.09/tools.lnx86/lib
VSCODE_GIT_ASKPASS_EXTRA_ARGS=
VMR_MODE_FLAG=64
SELINUX_LEVEL_REQUESTED=
LM_LICENSE_FILE=/home/summer/Synopsys/scl/2023.03/admin/license/Synopsys.dat
CDS_Netlisting_Mode=Analog
SSL_CERT_DIR=/etc/pki/tls/certs
SPECMAN_HOME=/home/summer/Cadence/XCELIUMMAIN22.09/components/sn
HISTCONTROL=ignoredups
VCS_ARG_ADDED_FOR_TMP=1
SNPS_VCS_TMPDIR=/tmp/vcs_20250103191247_63352
SHLVL=6
HOME=/home/summer
VSCODE_GIT_ASKPASS_MAIN=/home/summer/.vscode-server/cli/servers/Stable-fabdb6a30b49f79a7aba0f2ad9df9b399473380f/server/extensions/git/dist/askpass-main.js
MGC_HOME=/home/summer/Mentor
MGC_LICENSE_FILE=/home/summer/Mentor/license/license.dat
CDS_AUTO_64BIT=ALL
EUCLIDE_HOME=/home/summer/Synopsys/eclipse
VCS_COM=/home/summer/Synopsys/vcs/T-2022.06-SP2/linux64/bin/vcs1
DC_HOME=/home/summer/Synopsys/syn/U-2022.12-SP1
MGC_LIB_PATH=/home/summer/Mentor/calibre2022.2/aoj_cal_2022.2_38.20/lib
LOGNAME=summer
SNPS_VCS_INTERNAL_MAKE=make
SPYGLASS_HOME=/home/summer/Synopsys/ufe_optional_spyglass-vcs/T-2022.06-SP2/SPYGLASS_HOME
MGLS_LICENSE_FILE=/home/summer/Mentor/license/license.dat
OA_PLUGIN_PATH=/home/summer/Cadence/IC618/oa_v22.60.088/data/plugins
QTLIB=/usr/lib64/qt-3.3/lib
CVS_RSH=ssh
SNPS_VCS_INTERNAL_ROOT_START_TIME=1735931567.935365961
XDG_DATA_DIRS=/home/summer/.local/share/flatpak/exports/share:/var/lib/flatpak/exports/share:/usr/local/share:/usr/share
SSH_CONNECTION=192.168.0.99 11767 192.168.0.11 22
VSCODE_GIT_IPC_HANDLE=/run/user/1000/vscode-git-2a0b96e794.sock
CDS_LIC_FILE=/home/summer/Cadence/lic/cds_license.dat
VSCODE_IPC_HOOK_CLI=/run/user/1000/vscode-ipc-8522f376-f6d1-4ce8-865d-94877202fa9a.sock
SPECMAN_DIR=/home/summer/Cadence/XCELIUMMAIN22.09/components/sn/
LESSOPEN=||/usr/bin/lesspipe.sh %s
SCL_HOME=/home/summer/Synopsys/scl/2023.03
BROWSER=/home/summer/.vscode-server/cli/servers/Stable-fabdb6a30b49f79a7aba0f2ad9df9b399473380f/server/bin/helpers/browser.sh
sysc_uni_pwd=/home/summer/Desktop/piyan-cpu/SystemVerilog
GIT_ASKPASS=/home/summer/.vscode-server/cli/servers/Stable-fabdb6a30b49f79a7aba0f2ad9df9b399473380f/server/extensions/git/dist/askpass.sh
VSCODE_GIT_ASKPASS_NODE=/home/summer/.vscode-server/cli/servers/Stable-fabdb6a30b49f79a7aba0f2ad9df9b399473380f/server/node
XDG_RUNTIME_DIR=/run/user/1000
VCS_ARCH=linux64
TOOL_HOME=/home/summer/Synopsys/vcs/T-2022.06-SP2/linux64
SPYGLASS_DC_PATH=/home/summer/Synopsys/syn/U-2022.12-SP1
INCISIVDIR=/home/summer/Cadence/XCELIUMMAIN22.09
COLORTERM=truecolor
_=./simv
OLDPWD=/home/summer/Desktop/piyan-cpu/SystemVerilog/simv.daidir/debug_dump/fsearch
VCS_PATHMAP_PRELOAD_DONE=1
VCS_EXEC_DONE=1
DVE=/home/summer/Synopsys/vcs/T-2022.06-SP2/gui/dve
SPECMAN_OUTPUT_TO_TTY=1
FLEXLM_BORROWFILE=/home/summer/.yian-borrow.txt
Runtime command line arguments:
argv[0]=simv
argv[1]=+v2k
argv[2]=+define+FSDB
argv[3]=+PROG=prog0
argv[4]=+FILE=all
265 profile - 100
          CPU/Mem usage: 0.070 sys,  0.250 user,  284.06M mem
266 Elapsed time:    0:00:01    Sat Jan  4 03:12:51 2025
267 User CPU time used: 0 seconds
268 System CPU time used: 0 seconds
269 pliAppInit
270 [SC]Init: MemoryConsumed=0.00MB ElapsedTime=0hour 0min. 0sec.
271 FSDB_GATE is set.
272 FSDB_RTL is set.
273 FSDB_ALIAS_ARRAY_ELEM is set to 4294967295.
274 Enable Parallel Dumping.
275 pliAppMiscSet: New Sim Round
276 pliEntryInit
277 LIBSSCORE=found /home/summer/Synopsys/verdi/T-2022.06-SP2/share/PLI/lib/LINUXAMD64/libsscore_vcs202206.so through $NOVAS_HOME setting.
278 FSDB Dumper for VCS, Release Verdi_T-2022.06-SP2, Linux x86_64/64bit, 11/22/2022
279 (C) 1996 - 2022 by Synopsys, Inc.
280 sps_call_fsdbDumpfile_main at 0 : top_tb.sv(95)
281 argv[0]: (top.fsdb)
282 *Verdi* FSDB WARNING: The FSDB file already exists. Overwriting the FSDB file may crash the programs that are using this file.
283 *Verdi* : Create FSDB file 'top.fsdb'
284 [spi_vcs_vd_ppi_create_root]: no upf option
285 compile option from '/home/summer/Desktop/piyan-cpu/SystemVerilog/simv.daidir/vcs_rebuild'.
286   "vcs '-full64' 'top_tb.sv' '-sverilog' '-full64' '-R' '-debug_access+all' '+v2k' '+define+FSDB' '+PROG=prog0' '+FILE=all' '-notice' 2>&1"
287 DVDI_is_vir_unload_enabled is enable
288 FSDB_VCS_ENABLE_NATIVE_VC is enable
289 sps_call_fsdbDumpvars_vd_main at 0 : top_tb.sv(96)
290 argv[0]: (+struct)
291 argv[1]: (+mda)
292 argv[2]: (handle) top_tb.top
293 *Verdi* : Begin traversing the scope (top_tb.top), layer (0).
294 *Verdi* : Enable +struct and +mda dumping.
295 *Verdi* : End of traversing.
296 pliAppHDL_DumpVarComplete traverse var: profile - 
          CPU/Mem usage: 0.190 sys,  0.280 user,  391.07M mem
                   incr: 0.020 sys,  0.030 user,  14.69M mem
                   accu: 0.020 sys,  0.030 user,  14.69M mem
              accu incr: 0.020 sys,  0.030 user,  14.69M mem

          Count usage: 131368 var,  131363 idcode,  66 callback
                 incr: 131368 var,  131363 idcode,  66 callback
                 accu: 131368 var,  131363 idcode,  66 callback
            accu incr: 131368 var,  131363 idcode,  66 callback
297 Elapsed time:    0:00:01    Sat Jan  4 03:12:51 2025
298 User CPU time used: 0 seconds
299 System CPU time used: 0 seconds
300 pliAppHDL_DumpVarComplete: profile - 
          CPU/Mem usage: 0.190 sys,  0.290 user,  398.39M mem
                   incr: 0.000 sys,  0.010 user,  7.32M mem
                   accu: 0.020 sys,  0.040 user,  22.01M mem
              accu incr: 0.000 sys,  0.010 user,  7.32M mem

          Count usage: 131368 var,  131363 idcode,  66 callback
                 incr: 0 var,  0 idcode,  0 callback
                 accu: 131368 var,  131363 idcode,  66 callback
            accu incr: 0 var,  0 idcode,  0 callback
301 Elapsed time:    0:00:01    Sat Jan  4 03:12:51 2025
302 User CPU time used: 0 seconds
303 System CPU time used: 0 seconds
304 End of simulation at 5736500
305 Memory usage: 482.312 M
306 Maximum resident set size: 181 MB
307 Hard page faults: 0
308 Soft page faults: 32181
309 Elapsed time:    0:00:01    Sat Jan  4 03:12:51 2025
310 User CPU time used: 0 seconds
311 System CPU time used: 0 seconds
312 Begin FSDB profile info:
313 FSDB Writer : bc1(72493) bcn(809516) mtf/stf(0/0)
FSDB Writer elapsed time : flush(0.122144) io wait(0.000000) theadpool wait(0.000000)
FSDB Writer cpu time : MT Compression : 0
314 End FSDB profile info
315 FSDB closed. Name: top.fsdb Size: 603188
316 Parallel profile     - ProducerThread:1 ConsumerThread:1 Buffer:64MB
317                      - BlockUsed:5 Acquire:366468 BufferUsed:6282396
318                      - Flush:3 Expand:0 ProducerWait:0 ConsumerWait:2
319                      - MainProducerTime:0.755528886 TotalConsumerTime:0.061526704
320                      - ElapsedTime:0.501805000
321 Producer   0 profile - BlockUsed:5 Acquire:366468 BufferUsed:6282396
322 Consumer   0 profile - Affinity:-1 CPUTime:0.061526704 LifeTime:0.080348241 (0.77%)
323                      - BlockUsed:5 Acquire:366468 BufferUsed:6282396
324 SimExit
325 Elapsed time:    0:00:01    Sat Jan  4 03:12:51 2025
326 User CPU time used: 0 seconds
327 System CPU time used: 0 seconds
328 Sim process exit
